Protocol: CDISCPILOT01
Population: Intent-to-Treat

------------------------------------------------------------------------------------------------
                                        Placebo       Xanomeline Low Dose   Xanomeline High Dose
                                         (N=86)             (N=84)                 (N=84)       
------------------------------------------------------------------------------------------------
Age                                                                                             
  Mean (sd)                           75.21 (8.59)       75.67 (8.29)           74.38 (7.89)    
  Median                                   76                77.5                    76         
  Min - Max                             52 - 89             51 - 88               56 - 88       
Pooled Age Group 1                                                                              
  <65                                      14                  8                     11         
  65-80                                    42                 47                     55         
  >80                                      30                 29                     18         
Race                                                                                            
  WHITE                                    78                 78                     74         
  BLACK OR AFRICAN AMERICAN                8                   6                     9          
  AMERICAN INDIAN OR ALASKA NATIVE         0                   0                     1          
Baseline Height (cm)                                                                            
  Mean (sd)                          162.57 (11.52)     163.43 (10.42)         165.82 (10.13)   
  Median                                 162.6               162.6                 165.1        
  Min - Max                          137.2 - 185.4       135.9 - 195.6         146.1 - 190.5    
Baseline Weight (kg)                                                                            
  Mean (sd)                          62.76 (12.77)       67.28 (14.12)           70 (14.65)     
  Median                                 60.55               64.9                   69.2        
  Min - Max                            34 - 86.2         45.4 - 106.1            41.7 - 108     
Baseline BMI (kg/m^2)                                                                           
  Mean (sd)                           23.64 (3.67)       25.06 (4.27)           25.35 (4.16)    
  Median                                  23.4               24.3                   24.8        
  Min - Max                           15.1 - 33.3         17.7 - 40.1           13.7 - 34.5     
MMSE Total                                                                                      
  Mean (sd)                           18.05 (4.27)       17.87 (4.22)           18.51 (4.16)    
  Median                                  19.5                18                     20         
  Min - Max                             10 - 23             10 - 24               10 - 24       
------------------------------------------------------------------------------------------------

Program: tlf_demographic.Rmd 
2023-07-25 20:42:50

